<?xml version="1.0" encoding="UTF-8"?>
<testsuite xmlns:xsi="http://www.w3.org/2001/XMLSchema-instance" xsi:noNamespaceSchemaLocation="https://maven.apache.org/surefire/maven-surefire-plugin/xsd/surefire-test-report.xsd" name="mv.modeloBasico.AppTest" time="0.066" tests="1" errors="0" skipped="0" failures="0">
  <properties>
    <property name="java.specification.version" value="21"/>
    <property name="sun.jnu.encoding" value="UTF-8"/>
    <property name="java.class.path" value="/home/natan/NetBeansProjects/java-e-ferramentas-relacionadas/Java Avancado/Maven1/target/test-classes:/home/natan/NetBeansProjects/java-e-ferramentas-relacionadas/Java Avancado/Maven1/target/classes:/home/natan/.m2/repository/junit/junit/4.13.1/junit-4.13.1.jar:/home/natan/.m2/repository/org/hamcrest/hamcrest-core/1.3/hamcrest-core-1.3.jar:/home/natan/.m2/repository/br/com/caelum/stella/caelum-stella-core/2.1.6/caelum-stella-core-2.1.6.jar:/home/natan/.m2/repository/org/apache/commons/commons-lang3/3.14.0/commons-lang3-3.14.0.jar:/home/natan/.m2/repository/org/apache/commons/commons-email/1.6.0/commons-email-1.6.0.jar:/home/natan/.m2/repository/com/sun/mail/jakarta.mail/1.6.7/jakarta.mail-1.6.7.jar:/home/natan/.m2/repository/com/sun/activation/jakarta.activation/1.2.1/jakarta.activation-1.2.1.jar:"/>
    <property name="java.vm.vendor" value="Red Hat, Inc."/>
    <property name="sun.arch.data.model" value="64"/>
    <property name="java.vendor.url" value="https://www.redhat.com/"/>
    <property name="os.name" value="Linux"/>
    <property name="java.vm.specification.version" value="21"/>
    <property name="sun.java.launcher" value="SUN_STANDARD"/>
    <property name="user.country" value="BR"/>
    <property name="sun.boot.library.path" value="/usr/lib/jvm/java-21-openjdk-21.0.3.0.9-1.fc40.x86_64/lib"/>
    <property name="sun.java.command" value="/home/natan/NetBeansProjects/java-e-ferramentas-relacionadas/Java Avancado/Maven1/target/surefire/surefirebooter13980161628295451308.jar /home/natan/NetBeansProjects/java-e-ferramentas-relacionadas/Java Avancado/Maven1/target/surefire 2024-07-06T16-57-14_905-jvmRun1 surefire16333145671833874833tmp surefire_014264493238217795359tmp"/>
    <property name="jdk.debug" value="release"/>
    <property name="surefire.test.class.path" value="/home/natan/NetBeansProjects/java-e-ferramentas-relacionadas/Java Avancado/Maven1/target/test-classes:/home/natan/NetBeansProjects/java-e-ferramentas-relacionadas/Java Avancado/Maven1/target/classes:/home/natan/.m2/repository/junit/junit/4.13.1/junit-4.13.1.jar:/home/natan/.m2/repository/org/hamcrest/hamcrest-core/1.3/hamcrest-core-1.3.jar:/home/natan/.m2/repository/br/com/caelum/stella/caelum-stella-core/2.1.6/caelum-stella-core-2.1.6.jar:/home/natan/.m2/repository/org/apache/commons/commons-lang3/3.14.0/commons-lang3-3.14.0.jar:/home/natan/.m2/repository/org/apache/commons/commons-email/1.6.0/commons-email-1.6.0.jar:/home/natan/.m2/repository/com/sun/mail/jakarta.mail/1.6.7/jakarta.mail-1.6.7.jar:/home/natan/.m2/repository/com/sun/activation/jakarta.activation/1.2.1/jakarta.activation-1.2.1.jar:"/>
    <property name="sun.cpu.endian" value="little"/>
    <property name="user.home" value="/home/natan"/>
    <property name="user.language" value="pt"/>
    <property name="java.specification.vendor" value="Oracle Corporation"/>
    <property name="java.version.date" value="2024-04-16"/>
    <property name="java.home" value="/usr/lib/jvm/java-21-openjdk-21.0.3.0.9-1.fc40.x86_64"/>
    <property name="file.separator" value="/"/>
    <property name="basedir" value="/home/natan/NetBeansProjects/java-e-ferramentas-relacionadas/Java Avancado/Maven1"/>
    <property name="java.vm.compressedOopsMode" value="32-bit"/>
    <property name="line.separator" value="&#10;"/>
    <property name="java.specification.name" value="Java Platform API Specification"/>
    <property name="java.vm.specification.vendor" value="Oracle Corporation"/>
    <property name="surefire.real.class.path" value="/home/natan/NetBeansProjects/java-e-ferramentas-relacionadas/Java Avancado/Maven1/target/surefire/surefirebooter13980161628295451308.jar"/>
    <property name="sun.management.compiler" value="HotSpot 64-Bit Tiered Compilers"/>
    <property name="java.runtime.version" value="21.0.3+9"/>
    <property name="user.name" value="natan"/>
    <property name="stdout.encoding" value="UTF-8"/>
    <property name="path.separator" value=":"/>
    <property name="os.version" value="6.9.5-200.fc40.x86_64"/>
    <property name="java.runtime.name" value="OpenJDK Runtime Environment"/>
    <property name="file.encoding" value="UTF-8"/>
    <property name="java.vm.name" value="OpenJDK 64-Bit Server VM"/>
    <property name="java.vendor.version" value="(Red_Hat-21.0.3.0.9-1)"/>
    <property name="localRepository" value="/home/natan/.m2/repository"/>
    <property name="java.vendor.url.bug" value="https://bugzilla.redhat.com/enter_bug.cgi?product=Fedora&amp;component=java-21-openjdk&amp;version=38"/>
    <property name="java.io.tmpdir" value="/tmp"/>
    <property name="idea.version" value="2024.1.4"/>
    <property name="java.version" value="21.0.3"/>
    <property name="user.dir" value="/home/natan/NetBeansProjects/java-e-ferramentas-relacionadas/Java Avancado/Maven1"/>
    <property name="os.arch" value="amd64"/>
    <property name="java.vm.specification.name" value="Java Virtual Machine Specification"/>
    <property name="native.encoding" value="UTF-8"/>
    <property name="java.library.path" value="/usr/java/packages/lib:/usr/lib64:/lib64:/lib:/usr/lib"/>
    <property name="java.vm.info" value="mixed mode, sharing"/>
    <property name="stderr.encoding" value="UTF-8"/>
    <property name="java.vendor" value="Red Hat, Inc."/>
    <property name="java.vm.version" value="21.0.3+9"/>
    <property name="sun.io.unicode.encoding" value="UnicodeLittle"/>
    <property name="java.class.version" value="65.0"/>
  </properties>
  <testcase name="shouldAnswerWithTrue" classname="mv.modeloBasico.AppTest" time="0.006"/>
</testsuite>